
@----------------------------------------------------------@
|        PLINK!       |     v1.07      |   10/Aug/2009     |
|----------------------------------------------------------|
|  (C) 2009 Shaun Purcell, GNU General Public License, v2  |
|----------------------------------------------------------|
|  For documentation, citation & bug-report instructions:  |
|        http://pngu.mgh.harvard.edu/purcell/plink/        |
@----------------------------------------------------------@

Web-based version check ( --noweb to skip )
Recent cached web-check found... OK, v1.07 is current

+++ PLINK 1.9 is now available! See above website for details +++ 

Writing this text to log file [ as1.log ]
Analysis started: Fri Jan 29 14:15:55 2016

Options in effect:
	--bfile hapmap1
	--assoc
	--out as1

Reading map (extended format) from [ hapmap1.bim ] 
83534 markers to be included from [ hapmap1.bim ]
Reading pedigree information from [ hapmap1.fam ] 
89 individuals read from [ hapmap1.fam ] 
89 individuals with nonmissing phenotypes
Assuming a disease phenotype (1=unaff, 2=aff, 0=miss)
Missing phenotype value is also -9
44 cases, 45 controls and 0 missing
89 males, 0 females, and 0 of unspecified sex
Reading genotype bitfile from [ hapmap1.bed ] 
Detected that binary PED file is v1.00 SNP-major mode
Before frequency and genotyping pruning, there are 83534 SNPs
89 founders and 0 non-founders found
Total genotyping rate in remaining individuals is 0.99441
0 SNPs failed missingness test ( GENO > 1 )
0 SNPs failed frequency test ( MAF < 0 )
After frequency and genotyping pruning, there are 83534 SNPs
After filtering, 44 cases, 45 controls and 0 missing
After filtering, 89 males, 0 females, and 0 of unspecified sex
Writing main association results to [ as1.assoc ] 

Analysis finished: Fri Jan 29 14:15:56 2016

