
@----------------------------------------------------------@
|        PLINK!       |     v1.07      |   10/Aug/2009     |
|----------------------------------------------------------|
|  (C) 2009 Shaun Purcell, GNU General Public License, v2  |
|----------------------------------------------------------|
|  For documentation, citation & bug-report instructions:  |
|        http://pngu.mgh.harvard.edu/purcell/plink/        |
@----------------------------------------------------------@

Web-based version check ( --noweb to skip )
Recent cached web-check found... OK, v1.07 is current

+++ PLINK 1.9 is now available! See above website for details +++ 

Writing this text to log file [ hapmap1.log ]
Analysis started: Mon Jan 25 21:49:27 2016

Options in effect:
	--file hapmap1
	--make-bed
	--out hapmap1

83534 (of 83534) markers to be included from [ hapmap1.map ]
89 individuals read from [ hapmap1.ped ] 
89 individuals with nonmissing phenotypes
Assuming a disease phenotype (1=unaff, 2=aff, 0=miss)
Missing phenotype value is also -9
44 cases, 45 controls and 0 missing
89 males, 0 females, and 0 of unspecified sex
Before frequency and genotyping pruning, there are 83534 SNPs
89 founders and 0 non-founders found
Total genotyping rate in remaining individuals is 0.99441
0 SNPs failed missingness test ( GENO > 1 )
0 SNPs failed frequency test ( MAF < 0 )
After frequency and genotyping pruning, there are 83534 SNPs
After filtering, 44 cases, 45 controls and 0 missing
After filtering, 89 males, 0 females, and 0 of unspecified sex
Writing pedigree information to [ hapmap1.fam ] 
Writing map (extended format) information to [ hapmap1.bim ] 
Writing genotype bitfile to [ hapmap1.bed ] 
Using (default) SNP-major mode

Analysis finished: Mon Jan 25 21:49:32 2016

