
@----------------------------------------------------------@
|        PLINK!       |     v1.07      |   10/Aug/2009     |
|----------------------------------------------------------|
|  (C) 2009 Shaun Purcell, GNU General Public License, v2  |
|----------------------------------------------------------|
|  For documentation, citation & bug-report instructions:  |
|        http://pngu.mgh.harvard.edu/purcell/plink/        |
@----------------------------------------------------------@

Web-based version check ( --noweb to skip )
Recent cached web-check found... OK, v1.07 is current

+++ PLINK 1.9 is now available! See above website for details +++ 

Writing this text to log file [ freq_stat.log ]
Analysis started: Fri Jan 29 14:14:41 2016

Options in effect:
	--bfile hapmap1
	--freq
	--within pop.phe
	--out freq_stat

Reading map (extended format) from [ hapmap1.bim ] 
83534 markers to be included from [ hapmap1.bim ]
Reading pedigree information from [ hapmap1.fam ] 
89 individuals read from [ hapmap1.fam ] 
89 individuals with nonmissing phenotypes
Assuming a disease phenotype (1=unaff, 2=aff, 0=miss)
Missing phenotype value is also -9
44 cases, 45 controls and 0 missing
89 males, 0 females, and 0 of unspecified sex
Reading genotype bitfile from [ hapmap1.bed ] 
Detected that binary PED file is v1.00 SNP-major mode
Reading clusters from [ pop.phe ]
89 of 89 individuals assigned to 2 cluster(s)
Before frequency and genotyping pruning, there are 83534 SNPs
89 founders and 0 non-founders found
Writing stratified allele frequencies (founders-only) to [ freq_stat.frq.strat ] 

Analysis finished: Fri Jan 29 14:14:42 2016

